  stdafx.cpp
  Circle.cpp
  CircleDetection.cpp
CircleDetection.cpp(20): warning C4244: '=': conversion from 'double' to 'int', possible loss of data
CircleDetection.cpp(21): warning C4244: '=': conversion from 'double' to 'int', possible loss of data
CircleDetection.cpp(38): warning C4018: '<': signed/unsigned mismatch
CircleDetection.cpp(39): warning C4018: '<': signed/unsigned mismatch
CircleDetection.cpp(40): warning C4018: '<': signed/unsigned mismatch
  DetectEdges.cpp
DetectEdges.cpp(15): warning C4018: '<': signed/unsigned mismatch
DetectEdges.cpp(16): warning C4018: '<': signed/unsigned mismatch
  EyeDetection.cpp
EyeDetection.cpp(24): warning C4101: 'fp': unreferenced local variable
EyeDetection.cpp(127): warning C4244: 'argument': conversion from 'double' to 'float', possible loss of data
EyeDetection.cpp(133): warning C4305: '/=': truncation from 'double' to 'float'
  FileIO.cpp
  Filters.cpp
  Image.cpp
Image.cpp(114): warning C4018: '<': signed/unsigned mismatch
Image.cpp(115): warning C4018: '<': signed/unsigned mismatch
  ValidateArguments.cpp
  VotingData.cpp
VotingData.cpp(15): warning C4018: '<': signed/unsigned mismatch
VotingData.cpp(17): warning C4018: '<': signed/unsigned mismatch
VotingData.cpp(25): warning C4018: '<': signed/unsigned mismatch
VotingData.cpp(26): warning C4018: '<': signed/unsigned mismatch
VotingData.cpp(37): warning C4018: '<': signed/unsigned mismatch
VotingData.cpp(38): warning C4018: '<': signed/unsigned mismatch
VotingData.cpp(39): warning C4018: '<': signed/unsigned mismatch
  Generating code
  185 of 191 functions (96.9%) were compiled, the rest were copied from previous compilation.
    42 functions were new in current compilation
    0 functions had inline decision re-evaluated but remain unchanged
  Finished generating code
  EyeDetection.vcxproj -> C:\Users\Jim\Documents\GitHub\eye-detection\EyeDetection\Release\EyeDetection.exe
